<?xml version="1.0" encoding="UTF-8"?>
<testsuite name="com.bstarbackend.bstar.BstarApplicationTests" tests="1" skipped="0" failures="0" errors="0" timestamp="2023-02-06T15:31:49" hostname="DESKTOP-IFC4NEA" time="0.381">
  <properties/>
  <testcase name="contextLoads()" classname="com.bstarbackend.bstar.BstarApplicationTests" time="0.381"/>
  <system-out><![CDATA[00:31:47.672 [Test worker] DEBUG org.springframework.test.context.BootstrapUtils - Instantiating CacheAwareContextLoaderDelegate from class [org.springframework.test.context.cache.DefaultCacheAwareContextLoaderDelegate]
00:31:47.683 [Test worker] DEBUG org.springframework.test.context.BootstrapUtils - Instantiating BootstrapContext using constructor [public org.springframework.test.context.support.DefaultBootstrapContext(java.lang.Class,org.springframework.test.context.CacheAwareContextLoaderDelegate)]
00:31:47.713 [Test worker] DEBUG org.springframework.test.context.BootstrapUtils - Instantiating TestContextBootstrapper for test class [com.bstarbackend.bstar.BstarApplicationTests] from class [org.springframework.boot.test.context.SpringBootTestContextBootstrapper]
00:31:47.723 [Test worker] INFO org.springframework.boot.test.context.SpringBootTestContextBootstrapper - Neither @ContextConfiguration nor @ContextHierarchy found for test class [com.bstarbackend.bstar.BstarApplicationTests], using SpringBootContextLoader
00:31:47.725 [Test worker] DEBUG org.springframework.test.context.support.AbstractContextLoader - Did not detect default resource location for test class [com.bstarbackend.bstar.BstarApplicationTests]: class path resource [com/bstarbackend/bstar/BstarApplicationTests-context.xml] does not exist
00:31:47.725 [Test worker] DEBUG org.springframework.test.context.support.AbstractContextLoader - Did not detect default resource location for test class [com.bstarbackend.bstar.BstarApplicationTests]: class path resource [com/bstarbackend/bstar/BstarApplicationTestsContext.groovy] does not exist
00:31:47.725 [Test worker] INFO org.springframework.test.context.support.AbstractContextLoader - Could not detect default resource locations for test class [com.bstarbackend.bstar.BstarApplicationTests]: no resource found for suffixes {-context.xml, Context.groovy}.
00:31:47.726 [Test worker] INFO org.springframework.test.context.support.AnnotationConfigContextLoaderUtils - Could not detect default configuration classes for test class [com.bstarbackend.bstar.BstarApplicationTests]: BstarApplicationTests does not declare any static, non-private, non-final, nested classes annotated with @Configuration.
00:31:47.762 [Test worker] DEBUG org.springframework.test.context.support.ActiveProfilesUtils - Could not find an 'annotation declaring class' for annotation type [org.springframework.test.context.ActiveProfiles] and class [com.bstarbackend.bstar.BstarApplicationTests]
00:31:47.819 [Test worker] DEBUG org.springframework.context.annotation.ClassPathScanningCandidateComponentProvider - Identified candidate component class: file [C:\bstar\build\classes\java\main\com\bstarbackend\bstar\BstarApplication.class]
00:31:47.820 [Test worker] INFO org.springframework.boot.test.context.SpringBootTestContextBootstrapper - Found @SpringBootConfiguration com.bstarbackend.bstar.BstarApplication for test class com.bstarbackend.bstar.BstarApplicationTests
00:31:47.926 [Test worker] DEBUG org.springframework.boot.test.context.SpringBootTestContextBootstrapper - @TestExecutionListeners is not present for class [com.bstarbackend.bstar.BstarApplicationTests]: using defaults.
00:31:47.926 [Test worker] INFO org.springframework.boot.test.context.SpringBootTestContextBootstrapper - Loaded default TestExecutionListener class names from location [META-INF/spring.factories]: [org.springframework.boot.test.autoconfigure.restdocs.RestDocsTestExecutionListener, org.springframework.boot.test.autoconfigure.web.client.MockRestServiceServerResetTestExecutionListener, org.springframework.boot.test.autoconfigure.web.servlet.MockMvcPrintOnlyOnFailureTestExecutionListener, org.springframework.boot.test.autoconfigure.web.servlet.WebDriverTestExecutionListener, org.springframework.boot.test.autoconfigure.webservices.client.MockWebServiceServerTestExecutionListener, org.springframework.boot.test.mock.mockito.MockitoTestExecutionListener, org.springframework.boot.test.mock.mockito.ResetMocksTestExecutionListener, org.springframework.test.context.web.ServletTestExecutionListener, org.springframework.test.context.support.DirtiesContextBeforeModesTestExecutionListener, org.springframework.test.context.event.ApplicationEventsTestExecutionListener, org.springframework.test.context.support.DependencyInjectionTestExecutionListener, org.springframework.test.context.support.DirtiesContextTestExecutionListener, org.springframework.test.context.transaction.TransactionalTestExecutionListener, org.springframework.test.context.jdbc.SqlScriptsTestExecutionListener, org.springframework.test.context.event.EventPublishingTestExecutionListener]
00:31:47.939 [Test worker] DEBUG org.springframework.boot.test.context.SpringBootTestContextBootstrapper - Skipping candidate TestExecutionListener [org.springframework.test.context.transaction.TransactionalTestExecutionListener] due to a missing dependency. Specify custom listener classes or make the default listener classes and their required dependencies available. Offending class: [org/springframework/transaction/interceptor/TransactionAttributeSource]
00:31:47.939 [Test worker] DEBUG org.springframework.boot.test.context.SpringBootTestContextBootstrapper - Skipping candidate TestExecutionListener [org.springframework.test.context.jdbc.SqlScriptsTestExecutionListener] due to a missing dependency. Specify custom listener classes or make the default listener classes and their required dependencies available. Offending class: [org/springframework/transaction/interceptor/TransactionAttribute]
00:31:47.939 [Test worker] INFO org.springframework.boot.test.context.SpringBootTestContextBootstrapper - Using TestExecutionListeners: [org.springframework.test.context.web.ServletTestExecutionListener@58670130, org.springframework.test.context.support.DirtiesContextBeforeModesTestExecutionListener@74e47444, org.springframework.test.context.event.ApplicationEventsTestExecutionListener@9bd0fa6, org.springframework.boot.test.mock.mockito.MockitoTestExecutionListener@59d2103b, org.springframework.boot.test.autoconfigure.SpringBootDependencyInjectionTestExecutionListener@39dcf4b0, org.springframework.test.context.support.DirtiesContextTestExecutionListener@6e4de19b, org.springframework.test.context.event.EventPublishingTestExecutionListener@f6c03cb, org.springframework.boot.test.autoconfigure.restdocs.RestDocsTestExecutionListener@46f699d5, org.springframework.boot.test.autoconfigure.web.client.MockRestServiceServerResetTestExecutionListener@18518ccf, org.springframework.boot.test.autoconfigure.web.servlet.MockMvcPrintOnlyOnFailureTestExecutionListener@1991f767, org.springframework.boot.test.autoconfigure.web.servlet.WebDriverTestExecutionListener@768ccdc5, org.springframework.boot.test.autoconfigure.webservices.client.MockWebServiceServerTestExecutionListener@4c6daf0, org.springframework.boot.test.mock.mockito.ResetMocksTestExecutionListener@10650953]
00:31:47.944 [Test worker] DEBUG org.springframework.test.context.support.AbstractDirtiesContextTestExecutionListener - Before test class: context [DefaultTestContext@b40bb6e testClass = BstarApplicationTests, testInstance = [null], testMethod = [null], testException = [null], mergedContextConfiguration = [WebMergedContextConfiguration@3a94964 testClass = BstarApplicationTests, locations = '{}', classes = '{class com.bstarbackend.bstar.BstarApplication}', contextInitializerClasses = '[]', activeProfiles = '{}', propertySourceLocations = '{}', propertySourceProperties = '{org.springframework.boot.test.context.SpringBootTestContextBootstrapper=true}', contextCustomizers = set[org.springframework.boot.test.autoconfigure.actuate.metrics.MetricsExportContextCustomizerFactory$DisableMetricExportContextCustomizer@3a4621bd, org.springframework.boot.test.autoconfigure.properties.PropertyMappingContextCustomizer@0, org.springframework.boot.test.autoconfigure.web.servlet.WebDriverContextCustomizerFactory$Customizer@6e4566f1, org.springframework.boot.test.context.filter.ExcludeFilterContextCustomizer@648c94da, org.springframework.boot.test.json.DuplicateJsonObjectContextCustomizerFactory$DuplicateJsonObjectContextCustomizer@6c0d9d86, org.springframework.boot.test.mock.mockito.MockitoContextCustomizer@0, org.springframework.boot.test.web.client.TestRestTemplateContextCustomizer@1afdd473, org.springframework.boot.test.context.SpringBootTestArgs@1, org.springframework.boot.test.context.SpringBootTestWebEnvironment@d29f28], resourceBasePath = 'src/main/webapp', contextLoader = 'org.springframework.boot.test.context.SpringBootContextLoader', parent = [null]], attributes = map['org.springframework.test.context.web.ServletTestExecutionListener.activateListener' -> true]], class annotated with @DirtiesContext [false] with mode [null].

  .   ____          _            __ _ _
 /\\ / ___'_ __ _ _(_)_ __  __ _ \ \ \ \
( ( )\___ | '_ | '_| | '_ \/ _` | \ \ \ \
 \\/  ___)| |_)| | | | | || (_| |  ) ) ) )
  '  |____| .__|_| |_|_| |_\__, | / / / /
 =========|_|==============|___/=/_/_/_/
 :: Spring Boot ::       (v2.7.9-SNAPSHOT)

2023-02-07 00:31:48.245  INFO 3840 --- [    Test worker] c.b.bstar.BstarApplicationTests          : Starting BstarApplicationTests using Java 17.0.5 on DESKTOP-IFC4NEA with PID 3840 (started by chju0905 in C:\bstar)
2023-02-07 00:31:48.246  INFO 3840 --- [    Test worker] c.b.bstar.BstarApplicationTests          : No active profile set, falling back to 1 default profile: "default"
2023-02-07 00:31:49.422  INFO 3840 --- [    Test worker] o.s.b.a.w.s.WelcomePageHandlerMapping    : Adding welcome page: class path resource [static/index.html]
2023-02-07 00:31:49.675  INFO 3840 --- [    Test worker] c.b.bstar.BstarApplicationTests          : Started BstarApplicationTests in 1.691 seconds (JVM running for 2.76)
]]></system-out>
  <system-err><![CDATA[]]></system-err>
</testsuite>
