<?xml version="1.0" encoding="UTF-8"?>
<testsuite name="com.bstarbackend.bstar.BstarApplicationTests" tests="1" skipped="0" failures="0" errors="0" timestamp="2023-02-06T08:57:53" hostname="DESKTOP-9EBL3SC" time="0.409">
  <properties/>
  <testcase name="contextLoads()" classname="com.bstarbackend.bstar.BstarApplicationTests" time="0.409"/>
  <system-out><![CDATA[17:57:52.114 [Test worker] DEBUG org.springframework.test.context.BootstrapUtils - Instantiating CacheAwareContextLoaderDelegate from class [org.springframework.test.context.cache.DefaultCacheAwareContextLoaderDelegate]
17:57:52.124 [Test worker] DEBUG org.springframework.test.context.BootstrapUtils - Instantiating BootstrapContext using constructor [public org.springframework.test.context.support.DefaultBootstrapContext(java.lang.Class,org.springframework.test.context.CacheAwareContextLoaderDelegate)]
17:57:52.153 [Test worker] DEBUG org.springframework.test.context.BootstrapUtils - Instantiating TestContextBootstrapper for test class [com.bstarbackend.bstar.BstarApplicationTests] from class [org.springframework.boot.test.context.SpringBootTestContextBootstrapper]
17:57:52.164 [Test worker] INFO org.springframework.boot.test.context.SpringBootTestContextBootstrapper - Neither @ContextConfiguration nor @ContextHierarchy found for test class [com.bstarbackend.bstar.BstarApplicationTests], using SpringBootContextLoader
17:57:52.168 [Test worker] DEBUG org.springframework.test.context.support.AbstractContextLoader - Did not detect default resource location for test class [com.bstarbackend.bstar.BstarApplicationTests]: class path resource [com/bstarbackend/bstar/BstarApplicationTests-context.xml] does not exist
17:57:52.169 [Test worker] DEBUG org.springframework.test.context.support.AbstractContextLoader - Did not detect default resource location for test class [com.bstarbackend.bstar.BstarApplicationTests]: class path resource [com/bstarbackend/bstar/BstarApplicationTestsContext.groovy] does not exist
17:57:52.169 [Test worker] INFO org.springframework.test.context.support.AbstractContextLoader - Could not detect default resource locations for test class [com.bstarbackend.bstar.BstarApplicationTests]: no resource found for suffixes {-context.xml, Context.groovy}.
17:57:52.169 [Test worker] INFO org.springframework.test.context.support.AnnotationConfigContextLoaderUtils - Could not detect default configuration classes for test class [com.bstarbackend.bstar.BstarApplicationTests]: BstarApplicationTests does not declare any static, non-private, non-final, nested classes annotated with @Configuration.
17:57:52.203 [Test worker] DEBUG org.springframework.test.context.support.ActiveProfilesUtils - Could not find an 'annotation declaring class' for annotation type [org.springframework.test.context.ActiveProfiles] and class [com.bstarbackend.bstar.BstarApplicationTests]
17:57:52.255 [Test worker] DEBUG org.springframework.context.annotation.ClassPathScanningCandidateComponentProvider - Identified candidate component class: file [C:\bstar-backend\bstar\build\classes\java\main\com\bstarbackend\bstar\BstarApplication.class]
17:57:52.257 [Test worker] INFO org.springframework.boot.test.context.SpringBootTestContextBootstrapper - Found @SpringBootConfiguration com.bstarbackend.bstar.BstarApplication for test class com.bstarbackend.bstar.BstarApplicationTests
17:57:52.339 [Test worker] DEBUG org.springframework.boot.test.context.SpringBootTestContextBootstrapper - @TestExecutionListeners is not present for class [com.bstarbackend.bstar.BstarApplicationTests]: using defaults.
17:57:52.339 [Test worker] INFO org.springframework.boot.test.context.SpringBootTestContextBootstrapper - Loaded default TestExecutionListener class names from location [META-INF/spring.factories]: [org.springframework.boot.test.autoconfigure.restdocs.RestDocsTestExecutionListener, org.springframework.boot.test.autoconfigure.web.client.MockRestServiceServerResetTestExecutionListener, org.springframework.boot.test.autoconfigure.web.servlet.MockMvcPrintOnlyOnFailureTestExecutionListener, org.springframework.boot.test.autoconfigure.web.servlet.WebDriverTestExecutionListener, org.springframework.boot.test.autoconfigure.webservices.client.MockWebServiceServerTestExecutionListener, org.springframework.boot.test.mock.mockito.MockitoTestExecutionListener, org.springframework.boot.test.mock.mockito.ResetMocksTestExecutionListener, org.springframework.test.context.web.ServletTestExecutionListener, org.springframework.test.context.support.DirtiesContextBeforeModesTestExecutionListener, org.springframework.test.context.event.ApplicationEventsTestExecutionListener, org.springframework.test.context.support.DependencyInjectionTestExecutionListener, org.springframework.test.context.support.DirtiesContextTestExecutionListener, org.springframework.test.context.transaction.TransactionalTestExecutionListener, org.springframework.test.context.jdbc.SqlScriptsTestExecutionListener, org.springframework.test.context.event.EventPublishingTestExecutionListener]
17:57:52.352 [Test worker] DEBUG org.springframework.boot.test.context.SpringBootTestContextBootstrapper - Skipping candidate TestExecutionListener [org.springframework.test.context.transaction.TransactionalTestExecutionListener] due to a missing dependency. Specify custom listener classes or make the default listener classes and their required dependencies available. Offending class: [org/springframework/transaction/interceptor/TransactionAttributeSource]
17:57:52.352 [Test worker] DEBUG org.springframework.boot.test.context.SpringBootTestContextBootstrapper - Skipping candidate TestExecutionListener [org.springframework.test.context.jdbc.SqlScriptsTestExecutionListener] due to a missing dependency. Specify custom listener classes or make the default listener classes and their required dependencies available. Offending class: [org/springframework/transaction/interceptor/TransactionAttribute]
17:57:52.352 [Test worker] INFO org.springframework.boot.test.context.SpringBootTestContextBootstrapper - Using TestExecutionListeners: [org.springframework.test.context.web.ServletTestExecutionListener@2c7d121c, org.springframework.test.context.support.DirtiesContextBeforeModesTestExecutionListener@65aa6596, org.springframework.test.context.event.ApplicationEventsTestExecutionListener@67389cb8, org.springframework.boot.test.mock.mockito.MockitoTestExecutionListener@419a20a6, org.springframework.boot.test.autoconfigure.SpringBootDependencyInjectionTestExecutionListener@533377b, org.springframework.test.context.support.DirtiesContextTestExecutionListener@3383649e, org.springframework.test.context.event.EventPublishingTestExecutionListener@10fde30a, org.springframework.boot.test.autoconfigure.restdocs.RestDocsTestExecutionListener@f27ea3, org.springframework.boot.test.autoconfigure.web.client.MockRestServiceServerResetTestExecutionListener@1ce61929, org.springframework.boot.test.autoconfigure.web.servlet.MockMvcPrintOnlyOnFailureTestExecutionListener@346939bf, org.springframework.boot.test.autoconfigure.web.servlet.WebDriverTestExecutionListener@4bf3798b, org.springframework.boot.test.autoconfigure.webservices.client.MockWebServiceServerTestExecutionListener@58670130, org.springframework.boot.test.mock.mockito.ResetMocksTestExecutionListener@74e47444]
17:57:52.357 [Test worker] DEBUG org.springframework.test.context.support.AbstractDirtiesContextTestExecutionListener - Before test class: context [DefaultTestContext@5be067de testClass = BstarApplicationTests, testInstance = [null], testMethod = [null], testException = [null], mergedContextConfiguration = [WebMergedContextConfiguration@7383eae2 testClass = BstarApplicationTests, locations = '{}', classes = '{class com.bstarbackend.bstar.BstarApplication}', contextInitializerClasses = '[]', activeProfiles = '{}', propertySourceLocations = '{}', propertySourceProperties = '{org.springframework.boot.test.context.SpringBootTestContextBootstrapper=true}', contextCustomizers = set[org.springframework.boot.test.autoconfigure.actuate.metrics.MetricsExportContextCustomizerFactory$DisableMetricExportContextCustomizer@b7c4869, org.springframework.boot.test.autoconfigure.properties.PropertyMappingContextCustomizer@0, org.springframework.boot.test.autoconfigure.web.servlet.WebDriverContextCustomizerFactory$Customizer@4f9a2c08, org.springframework.boot.test.context.filter.ExcludeFilterContextCustomizer@48e92c5c, org.springframework.boot.test.json.DuplicateJsonObjectContextCustomizerFactory$DuplicateJsonObjectContextCustomizer@34f22f9d, org.springframework.boot.test.mock.mockito.MockitoContextCustomizer@0, org.springframework.boot.test.web.client.TestRestTemplateContextCustomizer@2dcd168a, org.springframework.boot.test.context.SpringBootTestArgs@1, org.springframework.boot.test.context.SpringBootTestWebEnvironment@57af006c], resourceBasePath = 'src/main/webapp', contextLoader = 'org.springframework.boot.test.context.SpringBootContextLoader', parent = [null]], attributes = map['org.springframework.test.context.web.ServletTestExecutionListener.activateListener' -> true]], class annotated with @DirtiesContext [false] with mode [null].

  .   ____          _            __ _ _
 /\\ / ___'_ __ _ _(_)_ __  __ _ \ \ \ \
( ( )\___ | '_ | '_| | '_ \/ _` | \ \ \ \
 \\/  ___)| |_)| | | | | || (_| |  ) ) ) )
  '  |____| .__|_| |_|_| |_\__, | / / / /
 =========|_|==============|___/=/_/_/_/
 :: Spring Boot ::       (v2.7.9-SNAPSHOT)

2023-02-06 17:57:52.618  INFO 2976 --- [    Test worker] c.b.bstar.BstarApplicationTests          : Starting BstarApplicationTests using Java 19.0.1 on DESKTOP-9EBL3SC with PID 2976 (started by Realsecu_J in C:\bstar-backend\bstar)
2023-02-06 17:57:52.619  INFO 2976 --- [    Test worker] c.b.bstar.BstarApplicationTests          : No active profile set, falling back to 1 default profile: "default"
2023-02-06 17:57:53.594  INFO 2976 --- [    Test worker] o.s.b.a.w.s.WelcomePageHandlerMapping    : Adding welcome page: class path resource [static/index.html]
2023-02-06 17:57:53.798  INFO 2976 --- [    Test worker] c.b.bstar.BstarApplicationTests          : Started BstarApplicationTests in 1.409 seconds (JVM running for 2.401)
]]></system-out>
  <system-err><![CDATA[]]></system-err>
</testsuite>
